2021-06-19 10:59:10,715 - INFO - sto scaricando il file
2021-06-19 10:59:11,110 - INFO - Ho scaricato il file titanic
2021-06-19 10:59:11,174 - INFO - csv convertito in dataframe
2021-06-19 11:05:36,195 - INFO - File titanic trovato in locale
2021-06-19 11:05:36,256 - INFO - csv convertito in dataframe
2021-06-19 11:20:12,447 - INFO - File titanic trovato in locale
2021-06-19 11:20:12,492 - INFO - csv convertito in dataframe
2021-06-19 11:22:45,418 - INFO - File titanic trovato in locale
2021-06-19 11:22:45,443 - INFO - csv convertito in dataframe
2021-06-19 11:30:56,286 - INFO - chiamata funzione classe_viaggio
2021-06-19 11:30:56,539 - INFO - NumExpr defaulting to 8 threads.
2021-06-19 11:33:05,705 - INFO - chiamata funzione classe_viaggio
2021-06-19 11:33:46,060 - INFO - chiamata funzione classe_viaggio
2021-06-19 11:57:58,800 - INFO - chiamata funzione eta
2021-06-19 12:05:33,998 - INFO - File titanic trovato in locale
2021-06-19 12:05:34,072 - INFO - csv convertito in dataframe
2021-06-19 12:09:53,889 - INFO - NumExpr defaulting to 8 threads.
2021-06-19 12:13:20,392 - INFO - File titanic trovato in locale
2021-06-19 12:13:20,603 - INFO - csv convertito in dataframe
2021-06-19 12:18:26,252 - INFO - File titanic trovato in locale
2021-06-19 12:18:26,261 - INFO - csv convertito in dataframe
2021-06-19 12:21:48,022 - INFO - File titanic trovato in locale
2021-06-19 12:21:48,037 - INFO - csv convertito in dataframe
2021-06-19 12:24:48,372 - INFO - File titanic trovato in locale
2021-06-19 12:24:48,383 - INFO - csv convertito in dataframe
2021-06-19 12:26:45,981 - INFO - File titanic trovato in locale
2021-06-19 12:26:45,994 - INFO - csv convertito in dataframe
2021-06-19 12:29:04,267 - INFO - File titanic trovato in locale
2021-06-19 12:29:04,345 - INFO - csv convertito in dataframe
