2021-06-19 09:10:05,010 - INFO - File titanic trovato in locale
2021-06-19 09:10:05,038 - INFO - csv convertito in dataframe
2021-06-19 09:10:05,061 - INFO - chiamata funzione classe_viaggio
2021-06-19 09:10:39,022 - INFO - File titanic trovato in locale
2021-06-19 09:10:39,057 - INFO - csv convertito in dataframe
2021-06-19 09:10:57,538 - INFO - File titanic trovato in locale
2021-06-19 09:10:57,565 - INFO - csv convertito in dataframe
2021-06-19 09:10:57,606 - INFO - chiamata funzione eta
2021-06-19 09:19:36,486 - INFO - File titanic trovato in locale
2021-06-19 09:19:36,500 - INFO - csv convertito in dataframe
2021-06-19 09:19:53,265 - INFO - File titanic trovato in locale
2021-06-19 09:19:53,277 - INFO - csv convertito in dataframe
2021-06-19 09:22:01,177 - INFO - File titanic trovato in locale
2021-06-19 09:22:01,195 - INFO - csv convertito in dataframe
2021-06-19 09:22:01,201 - INFO - chiamata funzione eta
2021-06-19 09:22:27,023 - INFO - File titanic trovato in locale
2021-06-19 09:22:27,040 - INFO - csv convertito in dataframe
2021-06-19 09:22:27,050 - INFO - chiamata funzione eta
2021-06-19 09:22:32,199 - INFO - File titanic trovato in locale
2021-06-19 09:22:32,209 - INFO - csv convertito in dataframe
2021-06-19 09:26:58,703 - INFO - File titanic trovato in locale
2021-06-19 09:26:58,723 - INFO - csv convertito in dataframe
2021-06-19 09:29:26,480 - INFO - File titanic trovato in locale
2021-06-19 09:29:26,499 - INFO - csv convertito in dataframe
2021-06-19 09:29:31,814 - INFO - File titanic trovato in locale
2021-06-19 09:29:31,828 - INFO - csv convertito in dataframe
2021-06-19 09:29:31,839 - INFO - chiamata funzione eta
2021-06-19 09:29:58,874 - INFO - File titanic trovato in locale
2021-06-19 09:29:58,893 - INFO - csv convertito in dataframe
2021-06-19 09:29:58,902 - INFO - chiamata funzione totale_sopravvissuti
2021-06-19 09:36:34,354 - INFO - File titanic trovato in locale
2021-06-19 09:36:34,366 - INFO - csv convertito in dataframe
2021-06-19 09:36:34,375 - INFO - chiamata funzione totale_sopravvissuti
2021-06-19 09:37:33,989 - INFO - File titanic trovato in locale
2021-06-19 09:37:34,008 - INFO - csv convertito in dataframe
2021-06-19 09:37:34,019 - INFO - chiamata funzione classe_viaggio
2021-06-19 09:38:28,987 - INFO - File titanic trovato in locale
2021-06-19 09:38:28,999 - INFO - csv convertito in dataframe
2021-06-19 09:38:29,011 - INFO - chiamata funzione class_sex
2021-06-19 09:38:30,304 - INFO - class_sex plot eseguito correttamente
2021-06-19 09:52:20,418 - INFO - File titanic trovato in locale
2021-06-19 09:52:20,436 - INFO - csv convertito in dataframe
2021-06-19 09:52:20,469 - INFO - chiamata funzione class_sex
2021-06-19 09:52:40,414 - INFO - File titanic trovato in locale
2021-06-19 09:52:40,428 - INFO - csv convertito in dataframe
2021-06-19 09:52:40,435 - INFO - chiamata funzione eta
2021-06-19 09:53:35,624 - INFO - File titanic trovato in locale
2021-06-19 09:53:35,638 - INFO - csv convertito in dataframe
2021-06-19 09:53:48,511 - INFO - File titanic trovato in locale
2021-06-19 09:53:48,523 - INFO - csv convertito in dataframe
2021-06-19 09:53:57,114 - INFO - File titanic trovato in locale
2021-06-19 09:53:57,124 - INFO - csv convertito in dataframe
2021-06-19 09:53:57,133 - INFO - chiamata funzione totale_sopravvissuti
2021-06-19 09:54:08,680 - INFO - File titanic trovato in locale
2021-06-19 09:54:08,700 - INFO - csv convertito in dataframe
2021-06-19 09:54:08,711 - INFO - chiamata funzione classe_viaggio
2021-06-19 09:54:17,836 - INFO - File titanic trovato in locale
2021-06-19 09:54:17,846 - INFO - csv convertito in dataframe
2021-06-19 09:54:17,854 - INFO - chiamata funzione eta
2021-06-19 09:54:32,240 - INFO - File titanic trovato in locale
2021-06-19 09:54:32,250 - INFO - csv convertito in dataframe
2021-06-19 09:54:32,256 - INFO - chiamata funzione class_sex
2021-06-19 10:14:37,890 - INFO - File titanic trovato in locale
2021-06-19 10:14:37,900 - INFO - csv convertito in dataframe
2021-06-19 10:14:37,906 - INFO - chiamata funzione class_sex
2021-06-19 10:14:38,760 - INFO - class_sex plot eseguito correttamente
2021-06-19 10:14:50,169 - INFO - File titanic trovato in locale
2021-06-19 10:14:50,183 - INFO - csv convertito in dataframe
2021-06-19 10:14:50,191 - INFO - chiamata funzione eta
